Starting evaluation of experiment COF-NASA-MSL-M-3-507aaea1141c95e8718e71d965e42aa9-1
=============================================

Performing execution for UNSUPERVISED algorithm COF
Running container 'ghcr.io/timeeval/cof:0.3.0' with env='{'LOCAL_UID': '501', 'LOCAL_GID': '501'}' in ExecutionType.EXECUTE mode.
Restricting container to 1.0 CPUs and 15.000 GB RAM

#### Docker container logs ####
useradd warning: user's uid 501 outside of the UID_MIN 1000 and UID_MAX 60000 range.
Config: AlgorithmArgs(customParameters=CustomParameters(n_neighbors=50, random_state=42), dataInput='/data/M-3.test.csv', dataOutput='/results/docker-algorithm-scores.csv', executionType='execute', modelInput='/results/model.pkl', modelOutput='/results/model.pkl')
/usr/local/lib/python3.8/site-packages/pyod/models/cof.py:209: RuntimeWarning: invalid value encountered in scalar divide
  cof_.append((ac_dist[_g] * self.n_neighbors_) /
/usr/local/lib/python3.8/site-packages/pyod/models/cof.py:209: RuntimeWarning: divide by zero encountered in scalar divide
  cof_.append((ac_dist[_g] * self.n_neighbors_) /
/usr/local/lib/python3.8/site-packages/numpy/core/_methods.py:181: RuntimeWarning: overflow encountered in reduce
  ret = umr_sum(arr, axis, dtype, out, keepdims, where=where)
/usr/local/lib/python3.8/site-packages/numpy/core/_methods.py:215: RuntimeWarning: overflow encountered in reduce
  arrmean = umr_sum(arr, axis, dtype, keepdims=True, where=where)

###############################

Scoring algorithm COF with ROC_AUC,RANGE_ROC_AUC,RANGE_PR_VOLUME metrics
Calculating ROC_AUC
  = 0.6895902530602536
Calculating RANGE_ROC_AUC
  = 0.7053082367462877
Calculating RANGE_PR_VOLUME
  = 0.21238043404145165
